{"C:\\Users\\lacar\\Desktop\\proyecto\\SCL014-card-validation\\src\\validator.js": {"path":"C:\\Users\\lacar\\Desktop\\proyecto\\SCL014-card-validation\\src\\validator.js","statementMap":{"0":{"start":{"line":1,"column":18},"end":{"line":85,"column":1}},"1":{"start":{"line":7,"column":27},"end":{"line":7,"column":37}},"2":{"start":{"line":8,"column":16},"end":{"line":8,"column":44}},"3":{"start":{"line":9,"column":21},"end":{"line":9,"column":24}},"4":{"start":{"line":10,"column":19},"end":{"line":10,"column":52}},"5":{"start":{"line":12,"column":2},"end":{"line":12,"column":59}},"6":{"start":{"line":22,"column":27},"end":{"line":22,"column":47}},"7":{"start":{"line":26,"column":13},"end":{"line":26,"column":14}},"8":{"start":{"line":27,"column":14},"end":{"line":27,"column":15}},"9":{"start":{"line":28,"column":12},"end":{"line":28,"column":13}},"10":{"start":{"line":33,"column":4},"end":{"line":53,"column":4}},"11":{"start":{"line":33,"column":16},"end":{"line":33,"column":17}},"12":{"start":{"line":35,"column":7},"end":{"line":52,"column":8}},"13":{"start":{"line":37,"column":11},"end":{"line":37,"column":40}},"14":{"start":{"line":39,"column":11},"end":{"line":47,"column":12}},"15":{"start":{"line":40,"column":15},"end":{"line":40,"column":42}},"16":{"start":{"line":44,"column":15},"end":{"line":44,"column":51}},"17":{"start":{"line":46,"column":15},"end":{"line":46,"column":43}},"18":{"start":{"line":51,"column":9},"end":{"line":51,"column":55}},"19":{"start":{"line":57,"column":4},"end":{"line":59,"column":5}},"20":{"start":{"line":58,"column":5},"end":{"line":58,"column":35}},"21":{"start":{"line":63,"column":4},"end":{"line":79,"column":4}},"22":{"start":{"line":67,"column":8},"end":{"line":67,"column":53}},"23":{"start":{"line":69,"column":7},"end":{"line":69,"column":52}},"24":{"start":{"line":70,"column":7},"end":{"line":70,"column":19}},"25":{"start":{"line":75,"column":8},"end":{"line":75,"column":53}},"26":{"start":{"line":77,"column":7},"end":{"line":77,"column":54}},"27":{"start":{"line":78,"column":7},"end":{"line":78,"column":20}}},"fnMap":{"0":{"name":"(anonymous_0)","decl":{"start":{"line":5,"column":8},"end":{"line":5,"column":9}},"loc":{"start":{"line":5,"column":23},"end":{"line":15,"column":2}},"line":5},"1":{"name":"(anonymous_1)","decl":{"start":{"line":18,"column":9},"end":{"line":18,"column":10}},"loc":{"start":{"line":18,"column":24},"end":{"line":81,"column":3}},"line":18}},"branchMap":{"0":{"loc":{"start":{"line":35,"column":7},"end":{"line":52,"column":8}},"type":"if","locations":[{"start":{"line":35,"column":7},"end":{"line":52,"column":8}},{"start":{"line":35,"column":7},"end":{"line":52,"column":8}}],"line":35},"1":{"loc":{"start":{"line":39,"column":11},"end":{"line":47,"column":12}},"type":"if","locations":[{"start":{"line":39,"column":11},"end":{"line":47,"column":12}},{"start":{"line":39,"column":11},"end":{"line":47,"column":12}}],"line":39},"2":{"loc":{"start":{"line":63,"column":4},"end":{"line":79,"column":4}},"type":"if","locations":[{"start":{"line":63,"column":4},"end":{"line":79,"column":4}},{"start":{"line":63,"column":4},"end":{"line":79,"column":4}}],"line":63}},"s":{"0":1,"1":0,"2":0,"3":0,"4":0,"5":0,"6":0,"7":0,"8":0,"9":0,"10":0,"11":0,"12":0,"13":0,"14":0,"15":0,"16":0,"17":0,"18":0,"19":0,"20":0,"21":0,"22":0,"23":0,"24":0,"25":0,"26":0,"27":0},"f":{"0":0,"1":0},"b":{"0":[0,0],"1":[0,0],"2":[0,0]},"_coverageSchema":"43e27e138ebf9cfc5966b082cf9a028302ed4184","hash":"5ef6a0072c017825260162c9e84073e4823b54b0"}
}
